  main.cpp
C:\Users\Ash\Desktop\Ash\School\OSU\20-21\CS 499\final_project\Yolo_mark-master\main.cpp(144,1): warning C4267: 'argument': conversion from 'size_t' to 'int', possible loss of data
C:\Users\Ash\Desktop\Ash\School\OSU\20-21\CS 499\final_project\Yolo_mark-master\main.cpp(145,1): warning C4267: 'argument': conversion from 'size_t' to 'int', possible loss of data
C:\Users\Ash\Desktop\Ash\School\OSU\20-21\CS 499\final_project\Yolo_mark-master\main.cpp(151,1): warning C4267: 'argument': conversion from 'size_t' to 'int', possible loss of data
C:\Users\Ash\Desktop\Ash\School\OSU\20-21\CS 499\final_project\Yolo_mark-master\main.cpp(295,36): warning C4244: 'initializing': conversion from 'double' to 'int', possible loss of data
C:\Users\Ash\Desktop\Ash\School\OSU\20-21\CS 499\final_project\Yolo_mark-master\main.cpp(295,27): warning C4244: 'initializing': conversion from 'double' to 'const int', possible loss of data
C:\Users\Ash\Desktop\Ash\School\OSU\20-21\CS 499\final_project\Yolo_mark-master\main.cpp(303,48): warning C4244: '=': conversion from 'unsigned long' to 'float', possible loss of data
C:\Users\Ash\Desktop\Ash\School\OSU\20-21\CS 499\final_project\Yolo_mark-master\main.cpp(306,112): warning C4267: '=': conversion from 'size_t' to 'int', possible loss of data
C:\Users\Ash\Desktop\Ash\School\OSU\20-21\CS 499\final_project\Yolo_mark-master\main.cpp(354,88): warning C4267: '=': conversion from 'size_t' to 'int', possible loss of data
C:\Users\Ash\Desktop\Ash\School\OSU\20-21\CS 499\final_project\Yolo_mark-master\main.cpp(497,77): warning C4267: 'initializing': conversion from 'size_t' to 'int', possible loss of data
C:\Users\Ash\Desktop\Ash\School\OSU\20-21\CS 499\final_project\Yolo_mark-master\main.cpp(497,77): warning C4267: 'initializing': conversion from 'size_t' to 'const int', possible loss of data
C:\Users\Ash\Desktop\Ash\School\OSU\20-21\CS 499\final_project\Yolo_mark-master\main.cpp(570,62): warning C4267: 'initializing': conversion from 'size_t' to 'int', possible loss of data
C:\Users\Ash\Desktop\Ash\School\OSU\20-21\CS 499\final_project\Yolo_mark-master\main.cpp(570,62): warning C4267: 'initializing': conversion from 'size_t' to 'const int', possible loss of data
C:\Users\Ash\Desktop\Ash\School\OSU\20-21\CS 499\final_project\Yolo_mark-master\main.cpp(645,61): warning C4267: 'initializing': conversion from 'size_t' to 'int', possible loss of data
C:\Users\Ash\Desktop\Ash\School\OSU\20-21\CS 499\final_project\Yolo_mark-master\main.cpp(645,61): warning C4267: 'initializing': conversion from 'size_t' to 'const int', possible loss of data
C:\Users\Ash\Desktop\Ash\School\OSU\20-21\CS 499\final_project\Yolo_mark-master\main.cpp(706,40): warning C4244: 'initializing': conversion from 'float' to 'int', possible loss of data
C:\Users\Ash\Desktop\Ash\School\OSU\20-21\CS 499\final_project\Yolo_mark-master\main.cpp(706,21): warning C4244: 'initializing': conversion from 'float' to 'const int', possible loss of data
C:\Users\Ash\Desktop\Ash\School\OSU\20-21\CS 499\final_project\Yolo_mark-master\main.cpp(707,40): warning C4244: 'initializing': conversion from 'float' to 'int', possible loss of data
C:\Users\Ash\Desktop\Ash\School\OSU\20-21\CS 499\final_project\Yolo_mark-master\main.cpp(707,21): warning C4244: 'initializing': conversion from 'float' to 'const int', possible loss of data
C:\Users\Ash\Desktop\Ash\School\OSU\20-21\CS 499\final_project\Yolo_mark-master\main.cpp(814,40): warning C4267: '=': conversion from 'size_t' to 'int', possible loss of data
  Generating code
  Previous IPDB not found, fall back to full compilation.
  All 940 functions were compiled because no usable IPDB/IOBJ from previous compilation was found.
  Finished generating code
  yolo_mark.vcxproj -> C:\Users\Ash\Desktop\Ash\School\OSU\20-21\CS 499\final_project\Yolo_mark-master\x64\Release\yolo_mark.exe
